<?xml version="1.0" encoding="UTF-8"?>
<testsuite xmlns:xsi="http://www.w3.org/2001/XMLSchema-instance" xsi:noNamespaceSchemaLocation="https://maven.apache.org/surefire/maven-surefire-plugin/xsd/surefire-test-report.xsd" version="3.0.2" name="browsestack.TestRunner" time="360.826" tests="8" errors="0" skipped="0" failures="0">
  <properties>
    <property name="java.specification.version" value="17"/>
    <property name="sun.cpu.isalist" value="amd64"/>
    <property name="sun.jnu.encoding" value="Cp1252"/>
    <property name="java.class.path" value="C:\Users\jayan\Desktop\Java_Selenium\browsestack\target\test-classes;C:\Users\jayan\Desktop\Java_Selenium\browsestack\target\classes;C:\Users\jayan\.m2\repository\io\cucumber\cucumber-core\7.27.2\cucumber-core-7.27.2.jar;C:\Users\jayan\.m2\repository\io\cucumber\cucumber-gherkin\7.27.2\cucumber-gherkin-7.27.2.jar;C:\Users\jayan\.m2\repository\io\cucumber\cucumber-gherkin-messages\7.27.2\cucumber-gherkin-messages-7.27.2.jar;C:\Users\jayan\.m2\repository\io\cucumber\gherkin\34.0.0\gherkin-34.0.0.jar;C:\Users\jayan\.m2\repository\org\assertj\assertj-core\3.27.4\assertj-core-3.27.4.jar;C:\Users\jayan\.m2\repository\io\cucumber\messages\28.1.0\messages-28.1.0.jar;C:\Users\jayan\.m2\repository\io\cucumber\pretty-formatter\2.1.0\pretty-formatter-2.1.0.jar;C:\Users\jayan\.m2\repository\io\cucumber\query\13.6.0\query-13.6.0.jar;C:\Users\jayan\.m2\repository\io\cucumber\testng-xml-formatter\0.5.0\testng-xml-formatter-0.5.0.jar;C:\Users\jayan\.m2\repository\io\cucumber\tag-expressions\6.1.2\tag-expressions-6.1.2.jar;C:\Users\jayan\.m2\repository\io\cucumber\cucumber-expressions\18.0.1\cucumber-expressions-18.0.1.jar;C:\Users\jayan\.m2\repository\io\cucumber\datatable\7.27.2\datatable-7.27.2.jar;C:\Users\jayan\.m2\repository\io\cucumber\cucumber-plugin\7.27.2\cucumber-plugin-7.27.2.jar;C:\Users\jayan\.m2\repository\io\cucumber\docstring\7.27.2\docstring-7.27.2.jar;C:\Users\jayan\.m2\repository\io\cucumber\html-formatter\21.13.0\html-formatter-21.13.0.jar;C:\Users\jayan\.m2\repository\io\cucumber\junit-xml-formatter\0.8.1\junit-xml-formatter-0.8.1.jar;C:\Users\jayan\.m2\repository\io\cucumber\ci-environment\10.0.1\ci-environment-10.0.1.jar;C:\Users\jayan\.m2\repository\org\apiguardian\apiguardian-api\1.1.2\apiguardian-api-1.1.2.jar;C:\Users\jayan\.m2\repository\io\cucumber\cucumber-java\7.27.2\cucumber-java-7.27.2.jar;C:\Users\jayan\.m2\repository\io\cucumber\cucumber-junit\7.27.2\cucumber-junit-7.27.2.jar;C:\Users\jayan\.m2\repository\junit\junit\4.13.2\junit-4.13.2.jar;C:\Users\jayan\.m2\repository\org\hamcrest\hamcrest-core\1.3\hamcrest-core-1.3.jar;C:\Users\jayan\.m2\repository\io\cucumber\cucumber-testng\7.27.2\cucumber-testng-7.27.2.jar;C:\Users\jayan\.m2\repository\org\testng\testng\7.11.0\testng-7.11.0.jar;C:\Users\jayan\.m2\repository\org\jcommander\jcommander\1.83\jcommander-1.83.jar;C:\Users\jayan\.m2\repository\org\webjars\jquery\3.7.1\jquery-3.7.1.jar;C:\Users\jayan\.m2\repository\org\seleniumhq\selenium\selenium-java\4.22.0\selenium-java-4.22.0.jar;C:\Users\jayan\.m2\repository\org\seleniumhq\selenium\selenium-api\4.22.0\selenium-api-4.22.0.jar;C:\Users\jayan\.m2\repository\org\seleniumhq\selenium\selenium-chrome-driver\4.22.0\selenium-chrome-driver-4.22.0.jar;C:\Users\jayan\.m2\repository\com\google\auto\service\auto-service-annotations\1.1.1\auto-service-annotations-1.1.1.jar;C:\Users\jayan\.m2\repository\org\seleniumhq\selenium\selenium-chromium-driver\4.22.0\selenium-chromium-driver-4.22.0.jar;C:\Users\jayan\.m2\repository\org\seleniumhq\selenium\selenium-json\4.22.0\selenium-json-4.22.0.jar;C:\Users\jayan\.m2\repository\org\seleniumhq\selenium\selenium-manager\4.22.0\selenium-manager-4.22.0.jar;C:\Users\jayan\.m2\repository\org\seleniumhq\selenium\selenium-devtools-v124\4.22.0\selenium-devtools-v124-4.22.0.jar;C:\Users\jayan\.m2\repository\org\seleniumhq\selenium\selenium-devtools-v125\4.22.0\selenium-devtools-v125-4.22.0.jar;C:\Users\jayan\.m2\repository\org\seleniumhq\selenium\selenium-devtools-v126\4.22.0\selenium-devtools-v126-4.22.0.jar;C:\Users\jayan\.m2\repository\org\seleniumhq\selenium\selenium-devtools-v85\4.22.0\selenium-devtools-v85-4.22.0.jar;C:\Users\jayan\.m2\repository\org\seleniumhq\selenium\selenium-edge-driver\4.22.0\selenium-edge-driver-4.22.0.jar;C:\Users\jayan\.m2\repository\org\seleniumhq\selenium\selenium-firefox-driver\4.22.0\selenium-firefox-driver-4.22.0.jar;C:\Users\jayan\.m2\repository\org\seleniumhq\selenium\selenium-http\4.22.0\selenium-http-4.22.0.jar;C:\Users\jayan\.m2\repository\dev\failsafe\failsafe\3.3.2\failsafe-3.3.2.jar;C:\Users\jayan\.m2\repository\org\seleniumhq\selenium\selenium-ie-driver\4.22.0\selenium-ie-driver-4.22.0.jar;C:\Users\jayan\.m2\repository\org\seleniumhq\selenium\selenium-remote-driver\4.22.0\selenium-remote-driver-4.22.0.jar;C:\Users\jayan\.m2\repository\com\google\guava\guava\33.2.1-jre\guava-33.2.1-jre.jar;C:\Users\jayan\.m2\repository\com\google\guava\failureaccess\1.0.2\failureaccess-1.0.2.jar;C:\Users\jayan\.m2\repository\com\google\guava\listenablefuture\9999.0-empty-to-avoid-conflict-with-guava\listenablefuture-9999.0-empty-to-avoid-conflict-with-guava.jar;C:\Users\jayan\.m2\repository\com\google\code\findbugs\jsr305\3.0.2\jsr305-3.0.2.jar;C:\Users\jayan\.m2\repository\org\checkerframework\checker-qual\3.42.0\checker-qual-3.42.0.jar;C:\Users\jayan\.m2\repository\com\google\j2objc\j2objc-annotations\3.0.0\j2objc-annotations-3.0.0.jar;C:\Users\jayan\.m2\repository\io\opentelemetry\semconv\opentelemetry-semconv\1.25.0-alpha\opentelemetry-semconv-1.25.0-alpha.jar;C:\Users\jayan\.m2\repository\io\opentelemetry\opentelemetry-api\1.39.0\opentelemetry-api-1.39.0.jar;C:\Users\jayan\.m2\repository\io\opentelemetry\opentelemetry-context\1.39.0\opentelemetry-context-1.39.0.jar;C:\Users\jayan\.m2\repository\io\opentelemetry\opentelemetry-exporter-logging\1.39.0\opentelemetry-exporter-logging-1.39.0.jar;C:\Users\jayan\.m2\repository\io\opentelemetry\opentelemetry-sdk-common\1.39.0\opentelemetry-sdk-common-1.39.0.jar;C:\Users\jayan\.m2\repository\io\opentelemetry\opentelemetry-sdk-extension-autoconfigure-spi\1.39.0\opentelemetry-sdk-extension-autoconfigure-spi-1.39.0.jar;C:\Users\jayan\.m2\repository\io\opentelemetry\opentelemetry-sdk-extension-autoconfigure\1.39.0\opentelemetry-sdk-extension-autoconfigure-1.39.0.jar;C:\Users\jayan\.m2\repository\io\opentelemetry\opentelemetry-api-incubator\1.39.0-alpha\opentelemetry-api-incubator-1.39.0-alpha.jar;C:\Users\jayan\.m2\repository\io\opentelemetry\opentelemetry-sdk-trace\1.39.0\opentelemetry-sdk-trace-1.39.0.jar;C:\Users\jayan\.m2\repository\io\opentelemetry\opentelemetry-sdk\1.39.0\opentelemetry-sdk-1.39.0.jar;C:\Users\jayan\.m2\repository\io\opentelemetry\opentelemetry-sdk-metrics\1.39.0\opentelemetry-sdk-metrics-1.39.0.jar;C:\Users\jayan\.m2\repository\io\opentelemetry\opentelemetry-sdk-logs\1.39.0\opentelemetry-sdk-logs-1.39.0.jar;C:\Users\jayan\.m2\repository\org\seleniumhq\selenium\selenium-os\4.22.0\selenium-os-4.22.0.jar;C:\Users\jayan\.m2\repository\org\apache\commons\commons-exec\1.4.0\commons-exec-1.4.0.jar;C:\Users\jayan\.m2\repository\org\seleniumhq\selenium\selenium-safari-driver\4.22.0\selenium-safari-driver-4.22.0.jar;C:\Users\jayan\.m2\repository\org\seleniumhq\selenium\selenium-support\4.22.0\selenium-support-4.22.0.jar;C:\Users\jayan\.m2\repository\org\apache\poi\poi\5.2.5\poi-5.2.5.jar;C:\Users\jayan\.m2\repository\commons-codec\commons-codec\1.16.0\commons-codec-1.16.0.jar;C:\Users\jayan\.m2\repository\org\apache\commons\commons-collections4\4.4\commons-collections4-4.4.jar;C:\Users\jayan\.m2\repository\org\apache\commons\commons-math3\3.6.1\commons-math3-3.6.1.jar;C:\Users\jayan\.m2\repository\commons-io\commons-io\2.15.0\commons-io-2.15.0.jar;C:\Users\jayan\.m2\repository\com\zaxxer\SparseBitSet\1.3\SparseBitSet-1.3.jar;C:\Users\jayan\.m2\repository\org\apache\logging\log4j\log4j-api\2.21.1\log4j-api-2.21.1.jar;C:\Users\jayan\.m2\repository\org\apache\poi\poi-ooxml\5.2.5\poi-ooxml-5.2.5.jar;C:\Users\jayan\.m2\repository\org\apache\poi\poi-ooxml-lite\5.2.5\poi-ooxml-lite-5.2.5.jar;C:\Users\jayan\.m2\repository\org\apache\xmlbeans\xmlbeans\5.2.0\xmlbeans-5.2.0.jar;C:\Users\jayan\.m2\repository\org\apache\commons\commons-compress\1.25.0\commons-compress-1.25.0.jar;C:\Users\jayan\.m2\repository\com\github\virtuald\curvesapi\1.08\curvesapi-1.08.jar;C:\Users\jayan\.m2\repository\org\mockito\mockito-core\5.7.0\mockito-core-5.7.0.jar;C:\Users\jayan\.m2\repository\net\bytebuddy\byte-buddy\1.14.9\byte-buddy-1.14.9.jar;C:\Users\jayan\.m2\repository\net\bytebuddy\byte-buddy-agent\1.14.9\byte-buddy-agent-1.14.9.jar;C:\Users\jayan\.m2\repository\org\objenesis\objenesis\3.3\objenesis-3.3.jar;C:\Users\jayan\.m2\repository\org\mockito\mockito-inline\5.2.0\mockito-inline-5.2.0.jar;C:\Users\jayan\.m2\repository\io\github\bonigarcia\webdrivermanager\6.2.0\webdrivermanager-6.2.0.jar;C:\Users\jayan\.m2\repository\org\slf4j\slf4j-api\2.0.17\slf4j-api-2.0.17.jar;C:\Users\jayan\.m2\repository\com\google\code\gson\gson\2.13.1\gson-2.13.1.jar;C:\Users\jayan\.m2\repository\com\google\errorprone\error_prone_annotations\2.38.0\error_prone_annotations-2.38.0.jar;C:\Users\jayan\.m2\repository\com\github\docker-java\docker-java\3.5.3\docker-java-3.5.3.jar;C:\Users\jayan\.m2\repository\com\github\docker-java\docker-java-core\3.5.3\docker-java-core-3.5.3.jar;C:\Users\jayan\.m2\repository\com\github\docker-java\docker-java-api\3.5.3\docker-java-api-3.5.3.jar;C:\Users\jayan\.m2\repository\com\fasterxml\jackson\core\jackson-annotations\2.18.4\jackson-annotations-2.18.4.jar;C:\Users\jayan\.m2\repository\com\fasterxml\jackson\core\jackson-databind\2.18.4\jackson-databind-2.18.4.jar;C:\Users\jayan\.m2\repository\com\fasterxml\jackson\core\jackson-core\2.18.4\jackson-core-2.18.4.jar;C:\Users\jayan\.m2\repository\org\slf4j\jcl-over-slf4j\1.7.30\jcl-over-slf4j-1.7.30.jar;C:\Users\jayan\.m2\repository\com\github\docker-java\docker-java-transport-httpclient5\3.5.3\docker-java-transport-httpclient5-3.5.3.jar;C:\Users\jayan\.m2\repository\com\github\docker-java\docker-java-transport\3.5.3\docker-java-transport-3.5.3.jar;C:\Users\jayan\.m2\repository\net\java\dev\jna\jna\5.17.0\jna-5.17.0.jar;C:\Users\jayan\.m2\repository\org\brotli\dec\0.1.2\dec-0.1.2.jar;C:\Users\jayan\.m2\repository\org\apache\commons\commons-lang3\3.18.0\commons-lang3-3.18.0.jar;C:\Users\jayan\.m2\repository\org\apache\httpcomponents\client5\httpclient5\5.4.3\httpclient5-5.4.3.jar;C:\Users\jayan\.m2\repository\org\apache\httpcomponents\core5\httpcore5\5.3.4\httpcore5-5.3.4.jar;C:\Users\jayan\.m2\repository\org\apache\httpcomponents\core5\httpcore5-h2\5.3.4\httpcore5-h2-5.3.4.jar;C:\Users\jayan\.m2\repository\net\java\dev\jna\jna-platform\5.17.0\jna-platform-5.17.0.jar;"/>
    <property name="java.vm.vendor" value="Oracle Corporation"/>
    <property name="sun.arch.data.model" value="64"/>
    <property name="user.variant" value=""/>
    <property name="java.vendor.url" value="https://java.oracle.com/"/>
    <property name="user.timezone" value="Asia/Calcutta"/>
    <property name="os.name" value="Windows 11"/>
    <property name="java.vm.specification.version" value="17"/>
    <property name="sun.java.launcher" value="SUN_STANDARD"/>
    <property name="user.country" value="IN"/>
    <property name="sun.boot.library.path" value="C:\Program Files\Java\jdk-17\bin"/>
    <property name="sun.java.command" value="C:\Users\jayan\AppData\Local\Temp\surefire15669232366765242530\surefirebooter-20250906103409664_3.jar C:\Users\jayan\AppData\Local\Temp\surefire15669232366765242530 2025-09-06T10-34-09_292-jvmRun1 surefire-20250906103409664_1tmp surefire_0-20250906103409664_2tmp"/>
    <property name="jdk.debug" value="release"/>
    <property name="surefire.test.class.path" value="C:\Users\jayan\Desktop\Java_Selenium\browsestack\target\test-classes;C:\Users\jayan\Desktop\Java_Selenium\browsestack\target\classes;C:\Users\jayan\.m2\repository\io\cucumber\cucumber-core\7.27.2\cucumber-core-7.27.2.jar;C:\Users\jayan\.m2\repository\io\cucumber\cucumber-gherkin\7.27.2\cucumber-gherkin-7.27.2.jar;C:\Users\jayan\.m2\repository\io\cucumber\cucumber-gherkin-messages\7.27.2\cucumber-gherkin-messages-7.27.2.jar;C:\Users\jayan\.m2\repository\io\cucumber\gherkin\34.0.0\gherkin-34.0.0.jar;C:\Users\jayan\.m2\repository\org\assertj\assertj-core\3.27.4\assertj-core-3.27.4.jar;C:\Users\jayan\.m2\repository\io\cucumber\messages\28.1.0\messages-28.1.0.jar;C:\Users\jayan\.m2\repository\io\cucumber\pretty-formatter\2.1.0\pretty-formatter-2.1.0.jar;C:\Users\jayan\.m2\repository\io\cucumber\query\13.6.0\query-13.6.0.jar;C:\Users\jayan\.m2\repository\io\cucumber\testng-xml-formatter\0.5.0\testng-xml-formatter-0.5.0.jar;C:\Users\jayan\.m2\repository\io\cucumber\tag-expressions\6.1.2\tag-expressions-6.1.2.jar;C:\Users\jayan\.m2\repository\io\cucumber\cucumber-expressions\18.0.1\cucumber-expressions-18.0.1.jar;C:\Users\jayan\.m2\repository\io\cucumber\datatable\7.27.2\datatable-7.27.2.jar;C:\Users\jayan\.m2\repository\io\cucumber\cucumber-plugin\7.27.2\cucumber-plugin-7.27.2.jar;C:\Users\jayan\.m2\repository\io\cucumber\docstring\7.27.2\docstring-7.27.2.jar;C:\Users\jayan\.m2\repository\io\cucumber\html-formatter\21.13.0\html-formatter-21.13.0.jar;C:\Users\jayan\.m2\repository\io\cucumber\junit-xml-formatter\0.8.1\junit-xml-formatter-0.8.1.jar;C:\Users\jayan\.m2\repository\io\cucumber\ci-environment\10.0.1\ci-environment-10.0.1.jar;C:\Users\jayan\.m2\repository\org\apiguardian\apiguardian-api\1.1.2\apiguardian-api-1.1.2.jar;C:\Users\jayan\.m2\repository\io\cucumber\cucumber-java\7.27.2\cucumber-java-7.27.2.jar;C:\Users\jayan\.m2\repository\io\cucumber\cucumber-junit\7.27.2\cucumber-junit-7.27.2.jar;C:\Users\jayan\.m2\repository\junit\junit\4.13.2\junit-4.13.2.jar;C:\Users\jayan\.m2\repository\org\hamcrest\hamcrest-core\1.3\hamcrest-core-1.3.jar;C:\Users\jayan\.m2\repository\io\cucumber\cucumber-testng\7.27.2\cucumber-testng-7.27.2.jar;C:\Users\jayan\.m2\repository\org\testng\testng\7.11.0\testng-7.11.0.jar;C:\Users\jayan\.m2\repository\org\jcommander\jcommander\1.83\jcommander-1.83.jar;C:\Users\jayan\.m2\repository\org\webjars\jquery\3.7.1\jquery-3.7.1.jar;C:\Users\jayan\.m2\repository\org\seleniumhq\selenium\selenium-java\4.22.0\selenium-java-4.22.0.jar;C:\Users\jayan\.m2\repository\org\seleniumhq\selenium\selenium-api\4.22.0\selenium-api-4.22.0.jar;C:\Users\jayan\.m2\repository\org\seleniumhq\selenium\selenium-chrome-driver\4.22.0\selenium-chrome-driver-4.22.0.jar;C:\Users\jayan\.m2\repository\com\google\auto\service\auto-service-annotations\1.1.1\auto-service-annotations-1.1.1.jar;C:\Users\jayan\.m2\repository\org\seleniumhq\selenium\selenium-chromium-driver\4.22.0\selenium-chromium-driver-4.22.0.jar;C:\Users\jayan\.m2\repository\org\seleniumhq\selenium\selenium-json\4.22.0\selenium-json-4.22.0.jar;C:\Users\jayan\.m2\repository\org\seleniumhq\selenium\selenium-manager\4.22.0\selenium-manager-4.22.0.jar;C:\Users\jayan\.m2\repository\org\seleniumhq\selenium\selenium-devtools-v124\4.22.0\selenium-devtools-v124-4.22.0.jar;C:\Users\jayan\.m2\repository\org\seleniumhq\selenium\selenium-devtools-v125\4.22.0\selenium-devtools-v125-4.22.0.jar;C:\Users\jayan\.m2\repository\org\seleniumhq\selenium\selenium-devtools-v126\4.22.0\selenium-devtools-v126-4.22.0.jar;C:\Users\jayan\.m2\repository\org\seleniumhq\selenium\selenium-devtools-v85\4.22.0\selenium-devtools-v85-4.22.0.jar;C:\Users\jayan\.m2\repository\org\seleniumhq\selenium\selenium-edge-driver\4.22.0\selenium-edge-driver-4.22.0.jar;C:\Users\jayan\.m2\repository\org\seleniumhq\selenium\selenium-firefox-driver\4.22.0\selenium-firefox-driver-4.22.0.jar;C:\Users\jayan\.m2\repository\org\seleniumhq\selenium\selenium-http\4.22.0\selenium-http-4.22.0.jar;C:\Users\jayan\.m2\repository\dev\failsafe\failsafe\3.3.2\failsafe-3.3.2.jar;C:\Users\jayan\.m2\repository\org\seleniumhq\selenium\selenium-ie-driver\4.22.0\selenium-ie-driver-4.22.0.jar;C:\Users\jayan\.m2\repository\org\seleniumhq\selenium\selenium-remote-driver\4.22.0\selenium-remote-driver-4.22.0.jar;C:\Users\jayan\.m2\repository\com\google\guava\guava\33.2.1-jre\guava-33.2.1-jre.jar;C:\Users\jayan\.m2\repository\com\google\guava\failureaccess\1.0.2\failureaccess-1.0.2.jar;C:\Users\jayan\.m2\repository\com\google\guava\listenablefuture\9999.0-empty-to-avoid-conflict-with-guava\listenablefuture-9999.0-empty-to-avoid-conflict-with-guava.jar;C:\Users\jayan\.m2\repository\com\google\code\findbugs\jsr305\3.0.2\jsr305-3.0.2.jar;C:\Users\jayan\.m2\repository\org\checkerframework\checker-qual\3.42.0\checker-qual-3.42.0.jar;C:\Users\jayan\.m2\repository\com\google\j2objc\j2objc-annotations\3.0.0\j2objc-annotations-3.0.0.jar;C:\Users\jayan\.m2\repository\io\opentelemetry\semconv\opentelemetry-semconv\1.25.0-alpha\opentelemetry-semconv-1.25.0-alpha.jar;C:\Users\jayan\.m2\repository\io\opentelemetry\opentelemetry-api\1.39.0\opentelemetry-api-1.39.0.jar;C:\Users\jayan\.m2\repository\io\opentelemetry\opentelemetry-context\1.39.0\opentelemetry-context-1.39.0.jar;C:\Users\jayan\.m2\repository\io\opentelemetry\opentelemetry-exporter-logging\1.39.0\opentelemetry-exporter-logging-1.39.0.jar;C:\Users\jayan\.m2\repository\io\opentelemetry\opentelemetry-sdk-common\1.39.0\opentelemetry-sdk-common-1.39.0.jar;C:\Users\jayan\.m2\repository\io\opentelemetry\opentelemetry-sdk-extension-autoconfigure-spi\1.39.0\opentelemetry-sdk-extension-autoconfigure-spi-1.39.0.jar;C:\Users\jayan\.m2\repository\io\opentelemetry\opentelemetry-sdk-extension-autoconfigure\1.39.0\opentelemetry-sdk-extension-autoconfigure-1.39.0.jar;C:\Users\jayan\.m2\repository\io\opentelemetry\opentelemetry-api-incubator\1.39.0-alpha\opentelemetry-api-incubator-1.39.0-alpha.jar;C:\Users\jayan\.m2\repository\io\opentelemetry\opentelemetry-sdk-trace\1.39.0\opentelemetry-sdk-trace-1.39.0.jar;C:\Users\jayan\.m2\repository\io\opentelemetry\opentelemetry-sdk\1.39.0\opentelemetry-sdk-1.39.0.jar;C:\Users\jayan\.m2\repository\io\opentelemetry\opentelemetry-sdk-metrics\1.39.0\opentelemetry-sdk-metrics-1.39.0.jar;C:\Users\jayan\.m2\repository\io\opentelemetry\opentelemetry-sdk-logs\1.39.0\opentelemetry-sdk-logs-1.39.0.jar;C:\Users\jayan\.m2\repository\org\seleniumhq\selenium\selenium-os\4.22.0\selenium-os-4.22.0.jar;C:\Users\jayan\.m2\repository\org\apache\commons\commons-exec\1.4.0\commons-exec-1.4.0.jar;C:\Users\jayan\.m2\repository\org\seleniumhq\selenium\selenium-safari-driver\4.22.0\selenium-safari-driver-4.22.0.jar;C:\Users\jayan\.m2\repository\org\seleniumhq\selenium\selenium-support\4.22.0\selenium-support-4.22.0.jar;C:\Users\jayan\.m2\repository\org\apache\poi\poi\5.2.5\poi-5.2.5.jar;C:\Users\jayan\.m2\repository\commons-codec\commons-codec\1.16.0\commons-codec-1.16.0.jar;C:\Users\jayan\.m2\repository\org\apache\commons\commons-collections4\4.4\commons-collections4-4.4.jar;C:\Users\jayan\.m2\repository\org\apache\commons\commons-math3\3.6.1\commons-math3-3.6.1.jar;C:\Users\jayan\.m2\repository\commons-io\commons-io\2.15.0\commons-io-2.15.0.jar;C:\Users\jayan\.m2\repository\com\zaxxer\SparseBitSet\1.3\SparseBitSet-1.3.jar;C:\Users\jayan\.m2\repository\org\apache\logging\log4j\log4j-api\2.21.1\log4j-api-2.21.1.jar;C:\Users\jayan\.m2\repository\org\apache\poi\poi-ooxml\5.2.5\poi-ooxml-5.2.5.jar;C:\Users\jayan\.m2\repository\org\apache\poi\poi-ooxml-lite\5.2.5\poi-ooxml-lite-5.2.5.jar;C:\Users\jayan\.m2\repository\org\apache\xmlbeans\xmlbeans\5.2.0\xmlbeans-5.2.0.jar;C:\Users\jayan\.m2\repository\org\apache\commons\commons-compress\1.25.0\commons-compress-1.25.0.jar;C:\Users\jayan\.m2\repository\com\github\virtuald\curvesapi\1.08\curvesapi-1.08.jar;C:\Users\jayan\.m2\repository\org\mockito\mockito-core\5.7.0\mockito-core-5.7.0.jar;C:\Users\jayan\.m2\repository\net\bytebuddy\byte-buddy\1.14.9\byte-buddy-1.14.9.jar;C:\Users\jayan\.m2\repository\net\bytebuddy\byte-buddy-agent\1.14.9\byte-buddy-agent-1.14.9.jar;C:\Users\jayan\.m2\repository\org\objenesis\objenesis\3.3\objenesis-3.3.jar;C:\Users\jayan\.m2\repository\org\mockito\mockito-inline\5.2.0\mockito-inline-5.2.0.jar;C:\Users\jayan\.m2\repository\io\github\bonigarcia\webdrivermanager\6.2.0\webdrivermanager-6.2.0.jar;C:\Users\jayan\.m2\repository\org\slf4j\slf4j-api\2.0.17\slf4j-api-2.0.17.jar;C:\Users\jayan\.m2\repository\com\google\code\gson\gson\2.13.1\gson-2.13.1.jar;C:\Users\jayan\.m2\repository\com\google\errorprone\error_prone_annotations\2.38.0\error_prone_annotations-2.38.0.jar;C:\Users\jayan\.m2\repository\com\github\docker-java\docker-java\3.5.3\docker-java-3.5.3.jar;C:\Users\jayan\.m2\repository\com\github\docker-java\docker-java-core\3.5.3\docker-java-core-3.5.3.jar;C:\Users\jayan\.m2\repository\com\github\docker-java\docker-java-api\3.5.3\docker-java-api-3.5.3.jar;C:\Users\jayan\.m2\repository\com\fasterxml\jackson\core\jackson-annotations\2.18.4\jackson-annotations-2.18.4.jar;C:\Users\jayan\.m2\repository\com\fasterxml\jackson\core\jackson-databind\2.18.4\jackson-databind-2.18.4.jar;C:\Users\jayan\.m2\repository\com\fasterxml\jackson\core\jackson-core\2.18.4\jackson-core-2.18.4.jar;C:\Users\jayan\.m2\repository\org\slf4j\jcl-over-slf4j\1.7.30\jcl-over-slf4j-1.7.30.jar;C:\Users\jayan\.m2\repository\com\github\docker-java\docker-java-transport-httpclient5\3.5.3\docker-java-transport-httpclient5-3.5.3.jar;C:\Users\jayan\.m2\repository\com\github\docker-java\docker-java-transport\3.5.3\docker-java-transport-3.5.3.jar;C:\Users\jayan\.m2\repository\net\java\dev\jna\jna\5.17.0\jna-5.17.0.jar;C:\Users\jayan\.m2\repository\org\brotli\dec\0.1.2\dec-0.1.2.jar;C:\Users\jayan\.m2\repository\org\apache\commons\commons-lang3\3.18.0\commons-lang3-3.18.0.jar;C:\Users\jayan\.m2\repository\org\apache\httpcomponents\client5\httpclient5\5.4.3\httpclient5-5.4.3.jar;C:\Users\jayan\.m2\repository\org\apache\httpcomponents\core5\httpcore5\5.3.4\httpcore5-5.3.4.jar;C:\Users\jayan\.m2\repository\org\apache\httpcomponents\core5\httpcore5-h2\5.3.4\httpcore5-h2-5.3.4.jar;C:\Users\jayan\.m2\repository\net\java\dev\jna\jna-platform\5.17.0\jna-platform-5.17.0.jar;"/>
    <property name="sun.cpu.endian" value="little"/>
    <property name="user.home" value="C:\Users\jayan"/>
    <property name="user.language" value="en"/>
    <property name="java.specification.vendor" value="Oracle Corporation"/>
    <property name="java.version.date" value="2024-07-16"/>
    <property name="java.home" value="C:\Program Files\Java\jdk-17"/>
    <property name="file.separator" value="\"/>
    <property name="basedir" value="C:\Users\jayan\Desktop\Java_Selenium\browsestack"/>
    <property name="java.vm.compressedOopsMode" value="Zero based"/>
    <property name="line.separator" value="&#10;"/>
    <property name="java.vm.specification.vendor" value="Oracle Corporation"/>
    <property name="java.specification.name" value="Java Platform API Specification"/>
    <property name="surefire.real.class.path" value="C:\Users\jayan\AppData\Local\Temp\surefire15669232366765242530\surefirebooter-20250906103409664_3.jar"/>
    <property name="user.script" value=""/>
    <property name="sun.management.compiler" value="HotSpot 64-Bit Tiered Compilers"/>
    <property name="java.runtime.version" value="17.0.12+8-LTS-286"/>
    <property name="user.name" value="jayan"/>
    <property name="path.separator" value=";"/>
    <property name="os.version" value="10.0"/>
    <property name="java.runtime.name" value="Java(TM) SE Runtime Environment"/>
    <property name="file.encoding" value="Cp1252"/>
    <property name="java.vm.name" value="Java HotSpot(TM) 64-Bit Server VM"/>
    <property name="localRepository" value="C:\Users\jayan\.m2\repository"/>
    <property name="java.vendor.url.bug" value="https://bugreport.java.com/bugreport/"/>
    <property name="java.io.tmpdir" value="C:\Users\jayan\AppData\Local\Temp\"/>
    <property name="java.version" value="17.0.12"/>
    <property name="user.dir" value="C:\Users\jayan\Desktop\Java_Selenium\browsestack"/>
    <property name="os.arch" value="amd64"/>
    <property name="java.vm.specification.name" value="Java Virtual Machine Specification"/>
    <property name="sun.os.patch.level" value=""/>
    <property name="native.encoding" value="Cp1252"/>
    <property name="java.library.path" value="C:\Program Files\Java\jdk-17\bin;C:\WINDOWS\Sun\Java\bin;C:\WINDOWS\system32;C:\WINDOWS;C:\apache-maven-3.9.11-bin\apache-maven-3.9.11\bin;C:\Program Files\HP\HP One Agent;C:\Program Files\Git\cmd;C:\Program Files\MySQL\MySQL Shell 8.0\bin\;C:\Program Files\Java\jdk-17\bin;C:\Users\jayan\AppData\Local\Programs\Microsoft VS Code\bin;."/>
    <property name="java.vm.info" value="mixed mode, sharing"/>
    <property name="java.vendor" value="Oracle Corporation"/>
    <property name="java.vm.version" value="17.0.12+8-LTS-286"/>
    <property name="sun.io.unicode.encoding" value="UnicodeLittle"/>
    <property name="java.class.version" value="61.0"/>
  </properties>
  <testcase name="Successful login with valid credentials" classname="Signin" time="37.241">
    <system-out><![CDATA[
&amp#27;[1mScenario:&amp#27;[22m Successful login with valid credentials &amp#27;[90m# file:///C:/Users/jayan/Desktop/Java_Selenium/browsestack/src/test/resources/Features/01signin.feature:3&amp#27;[39m
  &amp#27;[32mâœ”&amp#27;[39m &amp#27;[32m&amp#27;[1mGiven &amp#27;[22muser is on the login page&amp#27;[39m               &amp#27;[90m# browsestack.signin.user_is_on_the_login_page()&amp#27;[39m
  &amp#27;[32mâœ”&amp#27;[39m &amp#27;[32m&amp#27;[1mWhen &amp#27;[22muser enters valid username and password&amp#27;[39m  &amp#27;[90m# browsestack.signin.user_enters_valid_username_and_password()&amp#27;[39m
Login successful
  &amp#27;[32mâœ”&amp#27;[39m &amp#27;[32m&amp#27;[1mThen &amp#27;[22msuccessful login&amp#27;[39m                         &amp#27;[90m# browsestack.signin.successful_login()&amp#27;[39m
]]></system-out>
    <system-err><![CDATA[Sep 06, 2025 10:34:17 AM org.openqa.selenium.devtools.CdpVersionFinder findNearestMatch
WARNING: Unable to find CDP implementation matching 140
Sep 06, 2025 10:34:17 AM org.openqa.selenium.chromium.ChromiumDriver lambda$new$5
WARNING: Unable to find version of CDP to use for 140.0.7339.80. You may need to include a dependency on a specific version of the CDP using something similar to `org.seleniumhq.selenium:selenium-devtools-v86:4.22.0` where the version ("v86") matches the version of the chromium-based browser you're using and the version number of the artifact is the same as Selenium's.
]]></system-err>
  </testcase>
  <testcase name="Search for a product" classname="Search" time="39.753">
    <system-out><![CDATA[
&amp#27;[1mScenario:&amp#27;[22m Search for a product                  &amp#27;[90m# file:///C:/Users/jayan/Desktop/Java_Selenium/browsestack/src/test/resources/Features/02search.feature:3&amp#27;[39m
  &amp#27;[32mâœ”&amp#27;[39m &amp#27;[32m&amp#27;[1mGiven &amp#27;[22muser is on the homepage&amp#27;[39m               &amp#27;[90m# browsestack.search.user_is_on_the_homepage()&amp#27;[39m
  &amp#27;[32mâœ”&amp#27;[39m &amp#27;[32m&amp#27;[1mWhen &amp#27;[22muser searches for &amp#27;[1m"iPhone"&amp#27;[22m&amp#27;[39m             &amp#27;[90m# browsestack.search.user_searches_for(java.lang.String)&amp#27;[39m
Search successful for: iPhone
  &amp#27;[32mâœ”&amp#27;[39m &amp#27;[32m&amp#27;[1mThen &amp#27;[22msearch results should display &amp#27;[1m"iPhone"&amp#27;[22m&amp#27;[39m &amp#27;[90m# browsestack.search.search_results_should_display(java.lang.String)&amp#27;[39m
]]></system-out>
    <system-err><![CDATA[Sep 06, 2025 10:34:50 AM org.openqa.selenium.devtools.CdpVersionFinder findNearestMatch
WARNING: Unable to find CDP implementation matching 140
Sep 06, 2025 10:34:50 AM org.openqa.selenium.chromium.ChromiumDriver lambda$new$5
WARNING: Unable to find version of CDP to use for 140.0.7339.80. You may need to include a dependency on a specific version of the CDP using something similar to `org.seleniumhq.selenium:selenium-devtools-v86:4.22.0` where the version ("v86") matches the version of the chromium-based browser you're using and the version number of the artifact is the same as Selenium's.
]]></system-err>
  </testcase>
  <testcase name="Successfully add a product to cart" classname="demo Add to Cart" time="72.888">
    <system-out><![CDATA[
&amp#27;[1mScenario:&amp#27;[22m Successfully add a product to cart &amp#27;[90m# file:///C:/Users/jayan/Desktop/Java_Selenium/browsestack/src/test/resources/Features/03AddtoCart.feature:2&amp#27;[39m
  &amp#27;[32mâœ”&amp#27;[39m &amp#27;[32m&amp#27;[1mGiven &amp#27;[22mopen home page for adding product&amp#27;[39m  &amp#27;[90m# browsestack.addtocart.open_home_page()&amp#27;[39m
  &amp#27;[32mâœ”&amp#27;[39m &amp#27;[32m&amp#27;[1mWhen &amp#27;[22mSearch for a product in search bar&amp#27;[39m  &amp#27;[90m# browsestack.addtocart.search_product()&amp#27;[39m
  &amp#27;[32mâœ”&amp#27;[39m &amp#27;[32m&amp#27;[1mAnd &amp#27;[22mAdd the product to the cart&amp#27;[39m          &amp#27;[90m# browsestack.addtocart.add_product_to_cart()&amp#27;[39m
Product added to cart!
  &amp#27;[32mâœ”&amp#27;[39m &amp#27;[32m&amp#27;[1mThen &amp#27;[22mSuccessfully added to cart&amp#27;[39m          &amp#27;[90m# browsestack.addtocart.added_to_cart()&amp#27;[39m
]]></system-out>
    <system-err><![CDATA[Sep 06, 2025 10:35:30 AM org.openqa.selenium.devtools.CdpVersionFinder findNearestMatch
WARNING: Unable to find CDP implementation matching 140
Sep 06, 2025 10:35:30 AM org.openqa.selenium.chromium.ChromiumDriver lambda$new$5
WARNING: Unable to find version of CDP to use for 140.0.7339.80. You may need to include a dependency on a specific version of the CDP using something similar to `org.seleniumhq.selenium:selenium-devtools-v86:4.22.0` where the version ("v86") matches the version of the chromium-based browser you're using and the version number of the artifact is the same as Selenium's.
]]></system-err>
  </testcase>
  <testcase name="Delete product from cart" classname="Delete from Cart" time="45.687">
    <system-out><![CDATA[
&amp#27;[1mScenario:&amp#27;[22m Delete product from cart            &amp#27;[90m# file:///C:/Users/jayan/Desktop/Java_Selenium/browsestack/src/test/resources/Features/04DeleteFromCart.feature:3&amp#27;[39m
  &amp#27;[32mâœ”&amp#27;[39m &amp#27;[32m&amp#27;[1mGiven &amp#27;[22muser has to add product in the cart&amp#27;[39m &amp#27;[90m# browsestack.deletefromcart.user_add_product()&amp#27;[39m
  &amp#27;[32mâœ”&amp#27;[39m &amp#27;[32m&amp#27;[1mWhen &amp#27;[22muser deletes product from the cart&amp#27;[39m   &amp#27;[90m# browsestack.deletefromcart.delete_product()&amp#27;[39m
Product deleted from cart
  &amp#27;[32mâœ”&amp#27;[39m &amp#27;[32m&amp#27;[1mThen &amp#27;[22mthe product is sucessfully deleted&amp#27;[39m   &amp#27;[90m# browsestack.deletefromcart.product_deleted()&amp#27;[39m
]]></system-out>
    <system-err><![CDATA[Sep 06, 2025 10:36:43 AM org.openqa.selenium.devtools.CdpVersionFinder findNearestMatch
WARNING: Unable to find CDP implementation matching 140
Sep 06, 2025 10:36:43 AM org.openqa.selenium.chromium.ChromiumDriver lambda$new$5
WARNING: Unable to find version of CDP to use for 140.0.7339.80. You may need to include a dependency on a specific version of the CDP using something similar to `org.seleniumhq.selenium:selenium-devtools-v86:4.22.0` where the version ("v86") matches the version of the chromium-based browser you're using and the version number of the artifact is the same as Selenium's.
]]></system-err>
  </testcase>
  <testcase name="View past orders" classname="Orders" time="56.368">
    <system-out><![CDATA[
&amp#27;[1mScenario:&amp#27;[22m View past orders                        &amp#27;[90m# file:///C:/Users/jayan/Desktop/Java_Selenium/browsestack/src/test/resources/Features/06orders.feature:3&amp#27;[39m
  &amp#27;[32mâœ”&amp#27;[39m &amp#27;[32m&amp#27;[1mGiven &amp#27;[22muser is logged in&amp#27;[39m                       &amp#27;[90m# browsestack.orders.user_is_logged_in()&amp#27;[39m
  &amp#27;[32mâœ”&amp#27;[39m &amp#27;[32m&amp#27;[1mWhen &amp#27;[22muser search and add his products to cart&amp#27;[39m &amp#27;[90m# browsestack.orders.user_search_and_add_products()&amp#27;[39m
  &amp#27;[32mâœ”&amp#27;[39m &amp#27;[32m&amp#27;[1mAnd &amp#27;[22mclick on checkout and enter adress&amp#27;[39m        &amp#27;[90m# browsestack.orders.click_on_checkout_and_enter_adress()&amp#27;[39m
  &amp#27;[32mâœ”&amp#27;[39m &amp#27;[32m&amp#27;[1mAnd &amp#27;[22mnavigate to orders page&amp#27;[39m                   &amp#27;[90m# browsestack.orders.navigate_to_orders_page()&amp#27;[39m
Orders displayed successfully
  &amp#27;[32mâœ”&amp#27;[39m &amp#27;[32m&amp#27;[1mThen &amp#27;[22mprevious orders should be displayed&amp#27;[39m      &amp#27;[90m# browsestack.orders.previous_orders_should_be_displayed()&amp#27;[39m
]]></system-out>
    <system-err><![CDATA[Sep 06, 2025 10:37:29 AM org.openqa.selenium.devtools.CdpVersionFinder findNearestMatch
WARNING: Unable to find CDP implementation matching 140
Sep 06, 2025 10:37:29 AM org.openqa.selenium.chromium.ChromiumDriver lambda$new$5
WARNING: Unable to find version of CDP to use for 140.0.7339.80. You may need to include a dependency on a specific version of the CDP using something similar to `org.seleniumhq.selenium:selenium-devtools-v86:4.22.0` where the version ("v86") matches the version of the chromium-based browser you're using and the version number of the artifact is the same as Selenium's.
]]></system-err>
  </testcase>
  <testcase name="View available offers" classname="Offers" time="28.536">
    <system-out><![CDATA[
&amp#27;[1mScenario:&amp#27;[22m View available offers               &amp#27;[90m# file:///C:/Users/jayan/Desktop/Java_Selenium/browsestack/src/test/resources/Features/07offers.feature:3&amp#27;[39m
  &amp#27;[32mâœ”&amp#27;[39m &amp#27;[32m&amp#27;[1mGiven &amp#27;[22muser should logged in&amp#27;[39m               &amp#27;[90m# browsestack.offers.user_should_be_logged_in()&amp#27;[39m
  &amp#27;[32mâœ”&amp#27;[39m &amp#27;[32m&amp#27;[1mWhen &amp#27;[22muser navigates to the offers page&amp#27;[39m    &amp#27;[90m# browsestack.offers.user_navigates_to_offers()&amp#27;[39m
Offers displayed successfully
  &amp#27;[32mâœ”&amp#27;[39m &amp#27;[32m&amp#27;[1mThen &amp#27;[22mavailable offers should be displayed&amp#27;[39m &amp#27;[90m# browsestack.offers.available_offers_should_be_displayed()&amp#27;[39m
]]></system-out>
    <system-err><![CDATA[Sep 06, 2025 10:38:25 AM org.openqa.selenium.devtools.CdpVersionFinder findNearestMatch
WARNING: Unable to find CDP implementation matching 140
Sep 06, 2025 10:38:25 AM org.openqa.selenium.chromium.ChromiumDriver lambda$new$5
WARNING: Unable to find version of CDP to use for 140.0.7339.80. You may need to include a dependency on a specific version of the CDP using something similar to `org.seleniumhq.selenium:selenium-devtools-v86:4.22.0` where the version ("v86") matches the version of the chromium-based browser you're using and the version number of the artifact is the same as Selenium's.
]]></system-err>
  </testcase>
  <testcase name="Add product to favorites" classname="Favorites" time="49.904">
    <system-out><![CDATA[
&amp#27;[1mScenario:&amp#27;[22m Add product to favorites              &amp#27;[90m# file:///C:/Users/jayan/Desktop/Java_Selenium/browsestack/src/test/resources/Features/08favorites.feature:3&amp#27;[39m
  &amp#27;[32mâœ”&amp#27;[39m &amp#27;[32m&amp#27;[1mGiven &amp#27;[22muser first logged in&amp#27;[39m                  &amp#27;[90m# browsestack.favorites.user_first_logged_in()&amp#27;[39m
  &amp#27;[32mâœ”&amp#27;[39m &amp#27;[32m&amp#27;[1mWhen &amp#27;[22muser adds product to favorites&amp#27;[39m         &amp#27;[90m# browsestack.favorites.user_adds_product_to_favorites()&amp#27;[39m
Favorites displayed successfully
  &amp#27;[32mâœ”&amp#27;[39m &amp#27;[32m&amp#27;[1mThen &amp#27;[22mproduct should be visible in favorites&amp#27;[39m &amp#27;[90m# browsestack.favorites.product_should_be_visible_in_favorites()&amp#27;[39m
]]></system-out>
    <system-err><![CDATA[Sep 06, 2025 10:38:54 AM org.openqa.selenium.devtools.CdpVersionFinder findNearestMatch
WARNING: Unable to find CDP implementation matching 140
Sep 06, 2025 10:38:54 AM org.openqa.selenium.chromium.ChromiumDriver lambda$new$5
WARNING: Unable to find version of CDP to use for 140.0.7339.80. You may need to include a dependency on a specific version of the CDP using something similar to `org.seleniumhq.selenium:selenium-devtools-v86:4.22.0` where the version ("v86") matches the version of the chromium-based browser you're using and the version number of the artifact is the same as Selenium's.
]]></system-err>
  </testcase>
  <testcase name="Successful sign out" classname="Signout" time="28.336">
    <system-out><![CDATA[
&amp#27;[1mScenario:&amp#27;[22m Successful sign out                        &amp#27;[90m# file:///C:/Users/jayan/Desktop/Java_Selenium/browsestack/src/test/resources/Features/09Signout.feature:3&amp#27;[39m
  &amp#27;[32mâœ”&amp#27;[39m &amp#27;[32m&amp#27;[1mGiven &amp#27;[22muser first log in&amp#27;[39m                          &amp#27;[90m# browsestack.signout.user_first_log_in()&amp#27;[39m
  &amp#27;[32mâœ”&amp#27;[39m &amp#27;[32m&amp#27;[1mWhen &amp#27;[22muser clicks the sign out button&amp#27;[39m             &amp#27;[90m# browsestack.signout.user_clicks_the_sign_out_button()&amp#27;[39m
Signed out successfully
  &amp#27;[32mâœ”&amp#27;[39m &amp#27;[32m&amp#27;[1mThen &amp#27;[22muser should be redirected to the login page&amp#27;[39m &amp#27;[90m# browsestack.signout.user_should_be_redirected_to_the_login_page()&amp#27;[39m
]]></system-out>
    <system-err><![CDATA[Sep 06, 2025 10:39:44 AM org.openqa.selenium.devtools.CdpVersionFinder findNearestMatch
WARNING: Unable to find CDP implementation matching 140
Sep 06, 2025 10:39:44 AM org.openqa.selenium.chromium.ChromiumDriver lambda$new$5
WARNING: Unable to find version of CDP to use for 140.0.7339.80. You may need to include a dependency on a specific version of the CDP using something similar to `org.seleniumhq.selenium:selenium-devtools-v86:4.22.0` where the version ("v86") matches the version of the chromium-based browser you're using and the version number of the artifact is the same as Selenium's.
]]></system-err>
  </testcase>
</testsuite>